# JRE version: Java(TM) SE Runtime Environment (24.0+36) (build 24+36-3646)
# Java VM: Java HotSpot(TM) 64-Bit Server VM (24+36-3646, mixed mode, sharing, compressed oops, compressed class ptrs, g1 gc, windows-amd64)
GC Precious Log:
 CardTable entry size: 512
 Card Set container configuration: InlinePtr #cards 5 size 8 Array Of Cards #cards 10 size 36 Howl #buckets 4 coarsen threshold 1843 Howl Bitmap #cards 512 size 80 coarsen threshold 460 Card regions per heap region 1 cards per card region 2048
 CPUs: 8 total, 8 available
 Memory: 12071M
 Large Page Support: Disabled
 NUMA Support: Disabled
 Compressed Oops: Enabled (32-bit)
 Heap Region Size: 1M
 Heap Min Capacity: 128M
 Heap Initial Capacity: 128M
 Heap Max Capacity: 1G
 Pre-touch: Disabled
 Parallel Workers: 8
 Concurrent Workers: 2
 Concurrent Refinement Workers: 8
 Periodic GC: Disabled
Heap:
 garbage-first heap   total reserved 1048576K, committed 133120K, used 45245K [0x00000000c0000000, 0x0000000100000000)
  region size 1024K, 12 young (12288K), 10 survivors (10240K)
 Metaspace       used 21348K, committed 21696K, reserved 1114112K
  class space    used 2304K, committed 2432K, reserved 1048576K
GC Heap History (18 events):
Event: 3.474 GC heap before
{Heap before GC invocations=0 (full 0):
 garbage-first heap   total reserved 1048576K, committed 133120K, used 49268K [0x00000000c0000000, 0x0000000100000000)
  region size 1024K, 47 young (48128K), 0 survivors (0K)
 Metaspace       used 8340K, committed 8576K, reserved 1114112K
  class space    used 833K, committed 960K, reserved 1048576K
}
Event: 3.480 GC heap after
{Heap after GC invocations=1 (full 0):
 garbage-first heap   total reserved 1048576K, committed 133120K, used 5578K [0x00000000c0000000, 0x0000000100000000)
  region size 1024K, 5 young (5120K), 5 survivors (5120K)
 Metaspace       used 8340K, committed 8576K, reserved 1114112K
  class space    used 833K, committed 960K, reserved 1048576K
}
Event: 6.278 GC heap before
{Heap before GC invocations=1 (full 0):
 garbage-first heap   total reserved 1048576K, committed 133120K, used 61898K [0x00000000c0000000, 0x0000000100000000)
  region size 1024K, 60 young (61440K), 5 survivors (5120K)
 Metaspace       used 14618K, committed 14912K, reserved 1114112K
  class space    used 1605K, committed 1728K, reserved 1048576K
}
Event: 6.292 GC heap after
{Heap after GC invocations=2 (full 0):
 garbage-first heap   total reserved 1048576K, committed 133120K, used 11322K [0x00000000c0000000, 0x0000000100000000)
  region size 1024K, 6 young (6144K), 6 survivors (6144K)
 Metaspace       used 14618K, committed 14912K, reserved 1114112K
  class space    used 1605K, committed 1728K, reserved 1048576K
}
Event: 7.692 GC heap before
{Heap before GC invocations=2 (full 0):
 garbage-first heap   total reserved 1048576K, committed 133120K, used 74810K [0x00000000c0000000, 0x0000000100000000)
  region size 1024K, 68 young (69632K), 6 survivors (6144K)
 Metaspace       used 14870K, committed 15168K, reserved 1114112K
  class space    used 1618K, committed 1728K, reserved 1048576K
}
Event: 7.703 GC heap after
{Heap after GC invocations=3 (full 0):
 garbage-first heap   total reserved 1048576K, committed 133120K, used 16020K [0x00000000c0000000, 0x0000000100000000)
  region size 1024K, 5 young (5120K), 5 survivors (5120K)
 Metaspace       used 14870K, committed 15168K, reserved 1114112K
  class space    used 1618K, committed 1728K, reserved 1048576K
}
Event: 9.321 GC heap before
{Heap before GC invocations=3 (full 0):
 garbage-first heap   total reserved 1048576K, committed 133120K, used 82580K [0x00000000c0000000, 0x0000000100000000)
  region size 1024K, 70 young (71680K), 5 survivors (5120K)
 Metaspace       used 14990K, committed 15296K, reserved 1114112K
  class space    used 1619K, committed 1728K, reserved 1048576K
}
Event: 9.330 GC heap after
{Heap after GC invocations=4 (full 0):
 garbage-first heap   total reserved 1048576K, committed 133120K, used 19564K [0x00000000c0000000, 0x0000000100000000)
  region size 1024K, 9 young (9216K), 9 survivors (9216K)
 Metaspace       used 14990K, committed 15296K, reserved 1114112K
  class space    used 1619K, committed 1728K, reserved 1048576K
}
Event: 11.095 GC heap before
{Heap before GC invocations=4 (full 0):
 garbage-first heap   total reserved 1048576K, committed 133120K, used 88172K [0x00000000c0000000, 0x0000000100000000)
  region size 1024K, 76 young (77824K), 9 survivors (9216K)
 Metaspace       used 15143K, committed 15360K, reserved 1114112K
  class space    used 1620K, committed 1728K, reserved 1048576K
}
Event: 11.105 GC heap after
{Heap after GC invocations=5 (full 0):
 garbage-first heap   total reserved 1048576K, committed 133120K, used 21421K [0x00000000c0000000, 0x0000000100000000)
  region size 1024K, 6 young (6144K), 6 survivors (6144K)
 Metaspace       used 15143K, committed 15360K, reserved 1114112K
  class space    used 1620K, committed 1728K, reserved 1048576K
}
Event: 12.415 GC heap before
{Heap before GC invocations=5 (full 0):
 garbage-first heap   total reserved 1048576K, committed 133120K, used 93101K [0x00000000c0000000, 0x0000000100000000)
  region size 1024K, 76 young (77824K), 6 survivors (6144K)
 Metaspace       used 15273K, committed 15552K, reserved 1114112K
  class space    used 1620K, committed 1728K, reserved 1048576K
}
Event: 12.422 GC heap after
{Heap after GC invocations=6 (full 0):
 garbage-first heap   total reserved 1048576K, committed 133120K, used 23039K [0x00000000c0000000, 0x0000000100000000)
  region size 1024K, 8 young (8192K), 8 survivors (8192K)
 Metaspace       used 15273K, committed 15552K, reserved 1114112K
  class space    used 1620K, committed 1728K, reserved 1048576K
}
Event: 14.487 GC heap before
{Heap before GC invocations=6 (full 0):
 garbage-first heap   total reserved 1048576K, committed 133120K, used 92671K [0x00000000c0000000, 0x0000000100000000)
  region size 1024K, 76 young (77824K), 8 survivors (8192K)
 Metaspace       used 15383K, committed 15616K, reserved 1114112K
  class space    used 1620K, committed 1728K, reserved 1048576K
}
Event: 14.495 GC heap after
{Heap after GC invocations=7 (full 0):
 garbage-first heap   total reserved 1048576K, committed 133120K, used 26084K [0x00000000c0000000, 0x0000000100000000)
  region size 1024K, 7 young (7168K), 7 survivors (7168K)
 Metaspace       used 15383K, committed 15616K, reserved 1114112K
  class space    used 1620K, committed 1728K, reserved 1048576K
}
Event: 26.651 GC heap before
{Heap before GC invocations=7 (full 0):
 garbage-first heap   total reserved 1048576K, committed 133120K, used 96740K [0x00000000c0000000, 0x0000000100000000)
  region size 1024K, 76 young (77824K), 7 survivors (7168K)
 Metaspace       used 16658K, committed 17024K, reserved 1114112K
  class space    used 1752K, committed 1920K, reserved 1048576K
}
Event: 26.663 GC heap after
{Heap after GC invocations=8 (full 0):
 garbage-first heap   total reserved 1048576K, committed 133120K, used 29584K [0x00000000c0000000, 0x0000000100000000)
  region size 1024K, 9 young (9216K), 9 survivors (9216K)
 Metaspace       used 16658K, committed 17024K, reserved 1114112K
  class space    used 1752K, committed 1920K, reserved 1048576K
}
Event: 30.591 GC heap before
{Heap before GC invocations=8 (full 0):
 garbage-first heap   total reserved 1048576K, committed 133120K, used 98192K [0x00000000c0000000, 0x0000000100000000)
  region size 1024K, 76 young (77824K), 9 survivors (9216K)
 Metaspace       used 20427K, committed 20864K, reserved 1114112K
  class space    used 2230K, committed 2432K, reserved 1048576K
}
Event: 30.604 GC heap after
{Heap after GC invocations=9 (full 0):
 garbage-first heap   total reserved 1048576K, committed 133120K, used 38004K [0x00000000c0000000, 0x0000000100000000)
  region size 1024K, 10 young (10240K), 10 survivors (10240K)
 Metaspace       used 20427K, committed 20864K, reserved 1114112K
  class space    used 2230K, committed 2432K, reserved 1048576K
}

